2026-06-27T10:00:00.1000000Z ##[group]Run pytest -q
2026-06-27T10:00:00.5000000Z ============================= test session starts ==============================
2026-06-27T10:00:00.5100000Z platform linux -- Python 3.11.9, pytest-8.2.0, pluggy-1.5.0
2026-06-27T10:00:00.5200000Z rootdir: /home/runner/work/demo_repo/demo_repo
2026-06-27T10:00:00.6000000Z collected 2 items
2026-06-27T10:00:00.6100000Z
2026-06-27T10:00:01.0000000Z tests/test_billing.py::test_charge_card FAILED                          [ 50%]
2026-06-27T10:00:01.0100000Z tests/test_billing.py::test_health_ok PASSED                            [100%]
2026-06-27T10:00:01.1000000Z
2026-06-27T10:00:01.1100000Z =================================== FAILURES ===================================
2026-06-27T10:00:01.2000000Z ______________________________ test_charge_card _______________________________
2026-06-27T10:00:01.3000000Z tests/test_billing.py:14: in test_charge_card
2026-06-27T10:00:01.3100000Z     result = charge_card(account, amount)
2026-06-27T10:00:01.5000000Z app/services/billing.py:57: in charge_card
2026-06-27T10:00:01.5100000Z     gateway = get_gateway(account.region)
2026-06-27T10:00:01.7000000Z app/services/billing.py:58: in charge_card
2026-06-27T10:00:01.7100000Z     return gateway.submit(amount)
2026-06-27T10:00:01.8000000Z E   AttributeError: 'NoneType' object has no attribute 'submit'
2026-06-27T10:00:01.9000000Z
2026-06-27T10:00:01.9100000Z app/services/billing.py:58: AttributeError
2026-06-27T10:00:02.1000000Z =========================== short test summary info ============================
2026-06-27T10:00:02.2000000Z FAILED tests/test_billing.py::test_charge_card - AttributeError: 'NoneType' object has no attribute 'submit'
2026-06-27T10:00:02.3000000Z ##[error]Process completed with exit code 1.
