2026-06-25T14:00:00.4821030Z ##[group]Run pytest -q --maxfail=1
2026-06-25T14:00:00.9001210Z ============================= test session starts ==============================
2026-06-25T14:00:00.9134552Z platform linux -- Python 3.11.9, pytest-8.2.0, pluggy-1.5.0
2026-06-25T14:00:00.9201001Z rootdir: /home/runner/work/demo_repo/demo_repo
2026-06-25T14:00:00.9255012Z plugins: anyio-4.4.0
2026-06-25T14:00:01.0500120Z collected 2 items
2026-06-25T14:00:01.0600120Z
2026-06-25T14:00:01.4501221Z tests/test_payments.py::test_create_payment_success FAILED               [ 50%]
2026-06-25T14:00:01.4602001Z tests/test_payments.py::test_health_ok PASSED                            [100%]
2026-06-25T14:00:01.4700100Z
2026-06-25T14:00:01.4800100Z =================================== FAILURES ===================================
2026-06-25T14:00:01.4900100Z ________________________ test_create_payment_success _________________________
2026-06-25T14:00:01.5000100Z
2026-06-25T14:00:01.5100100Z     def test_create_payment_success():
2026-06-25T14:00:01.5200100Z         response = client.post(
2026-06-25T14:00:01.5300100Z             "/payments",
2026-06-25T14:00:01.5400100Z             json={"user_id": "user_123", "amount": 1000},
2026-06-25T14:00:01.5500100Z         )
2026-06-25T14:00:01.5600100Z
2026-06-25T14:00:01.5700100Z tests/test_payments.py:11: in test_create_payment_success
2026-06-25T14:00:01.5800100Z     response = client.post(
2026-06-25T14:00:01.5900100Z app/routes/payments.py:80: in create_payment
2026-06-25T14:00:01.6000100Z     user = get_user(request.user_id)
2026-06-25T14:00:01.6100100Z app/routes/payments.py:81: in create_payment
2026-06-25T14:00:01.6200100Z     payment.user_id = user.id
2026-06-25T14:00:01.6300100Z E   AttributeError: 'NoneType' object has no attribute 'id'
2026-06-25T14:00:01.6400100Z
2026-06-25T14:00:01.6500100Z app/routes/payments.py:81: AttributeError
2026-06-25T14:00:01.6600100Z =========================== short test summary info ============================
2026-06-25T14:00:01.6700100Z FAILED tests/test_payments.py::test_create_payment_success - AttributeError: 'NoneType' object has no attribute 'id'
2026-06-25T14:00:01.6800100Z ========================= 1 failed, 1 passed in 0.42s ==========================
2026-06-25T14:00:01.7000100Z ##[error]Process completed with exit code 1.
