2026-06-25T16:00:00.1000000Z ##[group]Run pytest -q
2026-06-25T16:00:00.5000000Z ============================= test session starts ==============================
2026-06-25T16:00:00.5100000Z platform linux -- Python 3.11.9, pytest-8.2.0, pluggy-1.5.0
2026-06-25T16:00:00.5200000Z rootdir: /home/runner/work/demo_repo/demo_repo
2026-06-25T16:00:00.5300000Z collected 3 items
2026-06-25T16:00:00.5400000Z
2026-06-25T16:00:25.0000000Z [WARNING] payment-gateway upstream slow to respond (elapsed 25s)
2026-06-25T16:00:30.0000000Z [ERROR] ConnectionError: upstream service unavailable
2026-06-25T16:00:30.1000000Z tests/test_payments.py::test_create_payment_success FAILED               [ 33%]
2026-06-25T16:00:30.2000000Z tests/test_payments.py::test_health_ok PASSED                            [ 66%]
2026-06-25T16:00:30.3000000Z tests/test_payments.py::test_list_payments PASSED                        [100%]
2026-06-25T16:00:30.4000000Z
2026-06-25T16:00:30.5000000Z =================================== FAILURES ===================================
2026-06-25T16:00:30.6000000Z ________________________ test_create_payment_success _________________________
2026-06-25T16:00:30.7000000Z
2026-06-25T16:00:30.7100000Z     def test_create_payment_success():
2026-06-25T16:00:30.7200000Z         response = client.post("/payments", json={"user_id": "user_123", "amount": 1000})
2026-06-25T16:00:30.7300000Z
2026-06-25T16:00:30.7400000Z .venv/lib/python3.11/site-packages/httpx/_transports/default.py:233: in handle_request
2026-06-25T16:00:30.7500000Z     raise TimeoutError("request timed out after 30s")
2026-06-25T16:00:30.7600000Z E   TimeoutError: request timed out after 30s
2026-06-25T16:00:30.7700000Z
2026-06-25T16:00:30.8000000Z ----------------------------- Captured log call --------------------------------
2026-06-25T16:00:30.8100000Z WARNING  payments-api:client.py upstream payment-gateway did not respond within timeout
2026-06-25T16:00:30.9000000Z =========================== short test summary info ============================
2026-06-25T16:00:30.9100000Z FAILED tests/test_payments.py::test_create_payment_success - TimeoutError: request timed out after 30s
2026-06-25T16:00:31.0000000Z ##[error]Process completed with exit code 1.
